2025-02-07 18:46:15,447 - StatBerry - ERROR - cannot access local variable 'e' where it is not associated with a value
2025-02-07 18:46:15,447 - StatBerry - ERROR - cannot access local variable 'e' where it is not associated with a value
2025-02-07 18:48:19,706 - StatBerry - ERROR - cannot access local variable 'e' where it is not associated with a value
2025-02-07 18:48:19,706 - StatBerry - ERROR - cannot access local variable 'e' where it is not associated with a value
2025-02-07 18:49:27,818 - StatBerry - ERROR - v0.dependencies.handle_exception cannot access local variable 'e' where it is not associated with a value
2025-02-07 18:49:27,818 - StatBerry - ERROR - v0.dependencies.handle_exception cannot access local variable 'e' where it is not associated with a value
2025-02-07 18:50:07,892 - StatBerry - ERROR - v0.dependencies.handle_exception cannot access local variable 'e' where it is not associated with a value
2025-02-07 18:50:07,892 - StatBerry - ERROR - v0.dependencies.handle_exception cannot access local variable 'e' where it is not associated with a value
2025-02-07 18:50:09,293 - StatBerry - ERROR - v0.dependencies.handle_exception cannot access local variable 'e' where it is not associated with a value
2025-02-07 18:50:09,293 - StatBerry - ERROR - v0.dependencies.handle_exception cannot access local variable 'e' where it is not associated with a value
2025-02-07 18:50:09,293 - StatBerry - ERROR - v0.dependencies.handle_exception cannot access local variable 'e' where it is not associated with a value
2025-02-07 18:50:09,293 - StatBerry - ERROR - v0.dependencies.handle_exception cannot access local variable 'e' where it is not associated with a value
2025-02-07 18:50:10,104 - StatBerry - ERROR - v0.dependencies.handle_exception cannot access local variable 'e' where it is not associated with a value
2025-02-07 18:50:10,104 - StatBerry - ERROR - v0.dependencies.handle_exception cannot access local variable 'e' where it is not associated with a value
2025-02-07 18:50:10,104 - StatBerry - ERROR - v0.dependencies.handle_exception cannot access local variable 'e' where it is not associated with a value
2025-02-07 18:50:10,104 - StatBerry - ERROR - v0.dependencies.handle_exception cannot access local variable 'e' where it is not associated with a value
2025-02-07 18:50:10,104 - StatBerry - ERROR - v0.dependencies.handle_exception cannot access local variable 'e' where it is not associated with a value
2025-02-07 18:50:10,104 - StatBerry - ERROR - v0.dependencies.handle_exception cannot access local variable 'e' where it is not associated with a value
2025-02-07 18:50:30,813 - StatBerry - ERROR - v0.dependencies.handle_exception cannot access local variable 'e' where it is not associated with a value
2025-02-07 18:50:30,813 - StatBerry - ERROR - v0.dependencies.handle_exception cannot access local variable 'e' where it is not associated with a value
2025-02-07 18:50:36,885 - StatBerry - ERROR - v0.dependencies.handle_exception cannot access local variable 'e' where it is not associated with a value
2025-02-07 18:50:36,885 - StatBerry - ERROR - v0.dependencies.handle_exception cannot access local variable 'e' where it is not associated with a value
2025-02-07 18:51:01,233 - StatBerry - ERROR - v0.dependencies.handle_exception cannot access local variable 'e' where it is not associated with a value
2025-02-07 18:51:01,233 - StatBerry - ERROR - v0.dependencies.handle_exception cannot access local variable 'e' where it is not associated with a value
2025-02-07 18:51:22,398 - StatBerry - ERROR - v0.dependencies.handle_exception cannot access local variable 'e' where it is not associated with a value
2025-02-07 18:51:22,398 - StatBerry - ERROR - v0.dependencies.handle_exception cannot access local variable 'e' where it is not associated with a value
2025-02-07 18:51:24,461 - StatBerry - ERROR - v0.dependencies.handle_exception cannot access local variable 'e' where it is not associated with a value
2025-02-07 18:51:24,461 - StatBerry - ERROR - v0.dependencies.handle_exception cannot access local variable 'e' where it is not associated with a value
2025-02-07 18:51:24,461 - StatBerry - ERROR - v0.dependencies.handle_exception cannot access local variable 'e' where it is not associated with a value
2025-02-07 18:51:24,461 - StatBerry - ERROR - v0.dependencies.handle_exception cannot access local variable 'e' where it is not associated with a value
2025-02-07 18:51:25,641 - StatBerry - ERROR - v0.dependencies.handle_exception cannot access local variable 'e' where it is not associated with a value
2025-02-07 18:51:25,641 - StatBerry - ERROR - v0.dependencies.handle_exception cannot access local variable 'e' where it is not associated with a value
2025-02-07 18:51:25,641 - StatBerry - ERROR - v0.dependencies.handle_exception cannot access local variable 'e' where it is not associated with a value
2025-02-07 18:51:25,641 - StatBerry - ERROR - v0.dependencies.handle_exception cannot access local variable 'e' where it is not associated with a value
2025-02-07 18:51:25,641 - StatBerry - ERROR - v0.dependencies.handle_exception cannot access local variable 'e' where it is not associated with a value
2025-02-07 18:51:25,641 - StatBerry - ERROR - v0.dependencies.handle_exception cannot access local variable 'e' where it is not associated with a value
2025-02-07 18:52:26,112 - StatBerry - ERROR - v0.dependencies.handle_exception cannot access local variable 'e' where it is not associated with a value
2025-02-07 18:52:26,112 - StatBerry - ERROR - v0.dependencies.handle_exception cannot access local variable 'e' where it is not associated with a value
2025-02-07 18:52:42,628 - StatBerry - ERROR - v0.dependencies.handle_exception cannot access local variable 'e' where it is not associated with a value
2025-02-07 18:52:42,628 - StatBerry - ERROR - v0.dependencies.handle_exception cannot access local variable 'e' where it is not associated with a value
2025-02-07 18:52:59,899 - StatBerry - ERROR - Cannot found data
2025-02-07 18:52:59,899 - StatBerry - ERROR - Cannot found data
2025-02-07 18:52:59,899 - StatBerry - ERROR - Cannot found data
2025-02-07 18:52:59,899 - StatBerry - ERROR - Not found user with this phone number
2025-02-07 18:52:59,899 - StatBerry - ERROR - Not found user with this phone number
2025-02-07 18:52:59,899 - StatBerry - ERROR - Not found user with this phone number
2025-02-07 18:52:59,899 - StatBerry - ERROR - Not found user with this phone number
2025-02-07 18:52:59,900 - StatBerry - ERROR - v0.dependencies.handle_exception Invalid phone number
2025-02-07 18:52:59,900 - StatBerry - ERROR - v0.dependencies.handle_exception Invalid phone number
2025-02-07 18:52:59,900 - StatBerry - ERROR - v0.dependencies.handle_exception Invalid phone number
2025-02-07 18:52:59,900 - StatBerry - ERROR - v0.dependencies.handle_exception Invalid phone number
2025-02-07 18:52:59,900 - StatBerry - ERROR - v0.dependencies.handle_exception Invalid phone number
2025-02-07 18:53:12,812 - StatBerry - ERROR - v0.dependencies.handle_exception cannot access local variable 'e' where it is not associated with a value
2025-02-07 18:53:12,812 - StatBerry - ERROR - v0.dependencies.handle_exception cannot access local variable 'e' where it is not associated with a value
2025-02-07 18:53:12,812 - StatBerry - ERROR - v0.dependencies.handle_exception cannot access local variable 'e' where it is not associated with a value
2025-02-07 18:53:12,812 - StatBerry - ERROR - v0.dependencies.handle_exception cannot access local variable 'e' where it is not associated with a value
2025-02-07 18:53:12,812 - StatBerry - ERROR - v0.dependencies.handle_exception cannot access local variable 'e' where it is not associated with a value
2025-02-07 18:53:12,812 - StatBerry - ERROR - v0.dependencies.handle_exception cannot access local variable 'e' where it is not associated with a value
2025-02-07 18:53:12,812 - StatBerry - ERROR - v0.dependencies.handle_exception cannot access local variable 'e' where it is not associated with a value
2025-02-07 22:39:34,582 - StatBerry - ERROR - v0.dependencies.handle_exception cannot access local variable 'e' where it is not associated with a value
2025-02-07 22:39:34,582 - StatBerry - ERROR - v0.dependencies.handle_exception cannot access local variable 'e' where it is not associated with a value
2025-02-07 22:39:34,582 - StatBerry - ERROR - v0.dependencies.handle_exception cannot access local variable 'e' where it is not associated with a value
2025-02-07 22:39:34,582 - StatBerry - ERROR - v0.dependencies.handle_exception cannot access local variable 'e' where it is not associated with a value
2025-02-07 22:39:34,582 - StatBerry - ERROR - v0.dependencies.handle_exception cannot access local variable 'e' where it is not associated with a value
2025-02-07 22:39:34,582 - StatBerry - ERROR - v0.dependencies.handle_exception cannot access local variable 'e' where it is not associated with a value
2025-02-07 22:39:34,582 - StatBerry - ERROR - v0.dependencies.handle_exception cannot access local variable 'e' where it is not associated with a value
2025-02-07 22:39:34,582 - StatBerry - ERROR - v0.dependencies.handle_exception cannot access local variable 'e' where it is not associated with a value
2025-02-07 22:39:34,582 - StatBerry - ERROR - v0.dependencies.handle_exception cannot access local variable 'e' where it is not associated with a value
