2025-01-24 02:01:53,133 - StatBerry - ERROR - name 'settings' is not defined
2025-01-24 02:02:41,091 - StatBerry - ERROR - Cannot found data
2025-01-24 02:02:41,091 - StatBerry - ERROR - Not found user with this phone number
2025-01-24 02:02:41,091 - StatBerry - ERROR - Not found user with this phone number
2025-01-24 02:02:41,092 - StatBerry - ERROR - Invalid phone number
2025-01-24 02:02:41,092 - StatBerry - ERROR - Invalid phone number
2025-01-24 02:02:41,092 - StatBerry - ERROR - Invalid phone number
2025-01-24 02:06:16,826 - StatBerry - ERROR - Cannot found data
2025-01-24 02:06:16,826 - StatBerry - ERROR - Not found user with this phone number
2025-01-24 02:06:16,826 - StatBerry - ERROR - Not found user with this phone number
2025-01-24 02:06:17,508 - StatBerry - ERROR - Cannot found data
2025-01-24 02:06:17,508 - StatBerry - ERROR - Cannot found data
2025-01-24 02:06:17,508 - StatBerry - ERROR - Cannot found data
2025-01-24 02:06:17,509 - StatBerry - ERROR - Not found user with this phone number
2025-01-24 02:06:17,509 - StatBerry - ERROR - Not found user with this phone number
2025-01-24 02:06:17,509 - StatBerry - ERROR - Not found user with this phone number
2025-01-24 02:06:17,509 - StatBerry - ERROR - Not found user with this phone number
2025-01-24 02:06:40,933 - StatBerry - ERROR - Cannot found data
2025-01-24 02:06:40,933 - StatBerry - ERROR - Not found user with this phone number
2025-01-24 02:06:40,933 - StatBerry - ERROR - Not found user with this phone number
2025-01-24 02:06:53,134 - StatBerry - ERROR - Cannot found data
2025-01-24 02:06:53,134 - StatBerry - ERROR - Not found user with this phone number
2025-01-24 02:06:53,134 - StatBerry - ERROR - Not found user with this phone number
2025-01-24 02:06:53,135 - StatBerry - ERROR - Invalid phone number
2025-01-24 02:06:53,135 - StatBerry - ERROR - Invalid phone number
2025-01-24 02:06:53,135 - StatBerry - ERROR - Invalid phone number
2025-01-24 02:06:54,212 - StatBerry - ERROR - Cannot found data
2025-01-24 02:06:54,212 - StatBerry - ERROR - Cannot found data
2025-01-24 02:06:54,212 - StatBerry - ERROR - Cannot found data
2025-01-24 02:06:54,212 - StatBerry - ERROR - Cannot found data
2025-01-24 02:06:54,212 - StatBerry - ERROR - Not found user with this phone number
2025-01-24 02:06:54,212 - StatBerry - ERROR - Not found user with this phone number
2025-01-24 02:06:54,212 - StatBerry - ERROR - Not found user with this phone number
2025-01-24 02:06:54,212 - StatBerry - ERROR - Not found user with this phone number
2025-01-24 02:06:54,212 - StatBerry - ERROR - Not found user with this phone number
2025-01-24 02:06:54,213 - StatBerry - ERROR - Invalid phone number
2025-01-24 02:06:54,213 - StatBerry - ERROR - Invalid phone number
2025-01-24 02:06:54,213 - StatBerry - ERROR - Invalid phone number
2025-01-24 02:06:54,213 - StatBerry - ERROR - Invalid phone number
2025-01-24 02:06:54,213 - StatBerry - ERROR - Invalid phone number
2025-01-24 02:06:54,213 - StatBerry - ERROR - Invalid phone number
2025-01-24 02:06:54,935 - StatBerry - ERROR - Cannot found data
2025-01-24 02:06:54,935 - StatBerry - ERROR - Cannot found data
2025-01-24 02:06:54,935 - StatBerry - ERROR - Cannot found data
2025-01-24 02:06:54,935 - StatBerry - ERROR - Cannot found data
2025-01-24 02:06:54,935 - StatBerry - ERROR - Cannot found data
2025-01-24 02:06:54,935 - StatBerry - ERROR - Cannot found data
2025-01-24 02:06:54,935 - StatBerry - ERROR - Cannot found data
2025-01-24 02:06:54,936 - StatBerry - ERROR - Not found user with this phone number
2025-01-24 02:06:54,936 - StatBerry - ERROR - Not found user with this phone number
2025-01-24 02:06:54,936 - StatBerry - ERROR - Not found user with this phone number
2025-01-24 02:06:54,936 - StatBerry - ERROR - Not found user with this phone number
2025-01-24 02:06:54,936 - StatBerry - ERROR - Not found user with this phone number
2025-01-24 02:06:54,936 - StatBerry - ERROR - Not found user with this phone number
2025-01-24 02:06:54,936 - StatBerry - ERROR - Not found user with this phone number
2025-01-24 02:06:54,936 - StatBerry - ERROR - Not found user with this phone number
2025-01-24 02:06:54,937 - StatBerry - ERROR - Invalid phone number
2025-01-24 02:06:54,937 - StatBerry - ERROR - Invalid phone number
2025-01-24 02:06:54,937 - StatBerry - ERROR - Invalid phone number
2025-01-24 02:06:54,937 - StatBerry - ERROR - Invalid phone number
2025-01-24 02:06:54,937 - StatBerry - ERROR - Invalid phone number
2025-01-24 02:06:54,937 - StatBerry - ERROR - Invalid phone number
2025-01-24 02:06:54,937 - StatBerry - ERROR - Invalid phone number
2025-01-24 02:06:54,937 - StatBerry - ERROR - Invalid phone number
2025-01-24 02:06:54,937 - StatBerry - ERROR - Invalid phone number
2025-01-24 02:07:04,952 - StatBerry - ERROR - name 'settings' is not defined
2025-01-24 02:07:05,787 - StatBerry - ERROR - name 'settings' is not defined
2025-01-24 02:07:05,787 - StatBerry - ERROR - name 'settings' is not defined
2025-01-24 02:07:06,948 - StatBerry - ERROR - name 'settings' is not defined
2025-01-24 02:07:06,948 - StatBerry - ERROR - name 'settings' is not defined
2025-01-24 02:07:06,948 - StatBerry - ERROR - name 'settings' is not defined
2025-01-24 13:43:23,368 - StatBerry - ERROR - Cannot found data
2025-01-24 13:43:23,377 - StatBerry - ERROR - Token not found
2025-01-24 13:43:23,377 - StatBerry - ERROR - Token not found
2025-01-24 13:43:39,780 - StatBerry - ERROR - Cannot found data
2025-01-24 13:43:39,780 - StatBerry - ERROR - Cannot found data
2025-01-24 13:43:39,780 - StatBerry - ERROR - Cannot found data
2025-01-24 13:43:39,781 - StatBerry - ERROR - Token not found
2025-01-24 13:43:39,781 - StatBerry - ERROR - Token not found
2025-01-24 13:43:39,781 - StatBerry - ERROR - Token not found
2025-01-24 13:43:39,781 - StatBerry - ERROR - Token not found
2025-01-24 13:43:41,704 - StatBerry - ERROR - Cannot found data
2025-01-24 13:43:41,704 - StatBerry - ERROR - Cannot found data
2025-01-24 13:43:41,704 - StatBerry - ERROR - Cannot found data
2025-01-24 13:43:41,704 - StatBerry - ERROR - Cannot found data
2025-01-24 13:43:41,704 - StatBerry - ERROR - Cannot found data
2025-01-24 13:43:41,705 - StatBerry - ERROR - Token not found
2025-01-24 13:43:41,705 - StatBerry - ERROR - Token not found
2025-01-24 13:43:41,705 - StatBerry - ERROR - Token not found
2025-01-24 13:43:41,705 - StatBerry - ERROR - Token not found
2025-01-24 13:43:41,705 - StatBerry - ERROR - Token not found
2025-01-24 13:43:41,705 - StatBerry - ERROR - Token not found
2025-01-24 13:44:10,536 - StatBerry - ERROR - name 'request' is not defined
2025-01-24 13:44:10,536 - StatBerry - ERROR - name 'request' is not defined
2025-01-24 13:44:10,536 - StatBerry - ERROR - name 'request' is not defined
2025-01-24 13:44:10,536 - StatBerry - ERROR - name 'request' is not defined
2025-01-24 13:44:10,536 - StatBerry - ERROR - name 'request' is not defined
2025-01-24 13:44:10,536 - StatBerry - ERROR - name 'request' is not defined
2025-01-24 13:44:10,536 - StatBerry - ERROR - name 'request' is not defined
2025-01-24 13:44:29,292 - StatBerry - ERROR - name 'encoder' is not defined
2025-01-24 13:45:17,119 - StatBerry - ERROR - Token is not active
2025-01-24 13:45:24,852 - StatBerry - ERROR - Cannot found data
2025-01-24 13:45:24,852 - StatBerry - ERROR - Cannot found data
2025-01-24 13:45:24,853 - StatBerry - ERROR - Token not found
2025-01-24 13:45:24,853 - StatBerry - ERROR - Token not found
2025-01-24 13:45:24,853 - StatBerry - ERROR - Token not found
2025-01-24 13:45:25,495 - StatBerry - ERROR - Cannot found data
2025-01-24 13:45:25,495 - StatBerry - ERROR - Cannot found data
2025-01-24 13:45:25,495 - StatBerry - ERROR - Cannot found data
2025-01-24 13:45:25,495 - StatBerry - ERROR - Cannot found data
2025-01-24 13:45:25,495 - StatBerry - ERROR - Token not found
2025-01-24 13:45:25,495 - StatBerry - ERROR - Token not found
2025-01-24 13:45:25,495 - StatBerry - ERROR - Token not found
2025-01-24 13:45:25,495 - StatBerry - ERROR - Token not found
2025-01-24 13:45:25,495 - StatBerry - ERROR - Token not found
2025-01-24 13:45:25,941 - StatBerry - ERROR - Cannot found data
2025-01-24 13:45:25,941 - StatBerry - ERROR - Cannot found data
2025-01-24 13:45:25,941 - StatBerry - ERROR - Cannot found data
2025-01-24 13:45:25,941 - StatBerry - ERROR - Cannot found data
2025-01-24 13:45:25,941 - StatBerry - ERROR - Cannot found data
2025-01-24 13:45:25,941 - StatBerry - ERROR - Cannot found data
2025-01-24 13:45:25,942 - StatBerry - ERROR - Token not found
2025-01-24 13:45:25,942 - StatBerry - ERROR - Token not found
2025-01-24 13:45:25,942 - StatBerry - ERROR - Token not found
2025-01-24 13:45:25,942 - StatBerry - ERROR - Token not found
2025-01-24 13:45:25,942 - StatBerry - ERROR - Token not found
2025-01-24 13:45:25,942 - StatBerry - ERROR - Token not found
2025-01-24 13:45:25,942 - StatBerry - ERROR - Token not found
2025-01-24 13:45:26,366 - StatBerry - ERROR - Cannot found data
2025-01-24 13:45:26,366 - StatBerry - ERROR - Cannot found data
2025-01-24 13:45:26,366 - StatBerry - ERROR - Cannot found data
2025-01-24 13:45:26,366 - StatBerry - ERROR - Cannot found data
2025-01-24 13:45:26,366 - StatBerry - ERROR - Cannot found data
2025-01-24 13:45:26,366 - StatBerry - ERROR - Cannot found data
2025-01-24 13:45:26,366 - StatBerry - ERROR - Cannot found data
2025-01-24 13:45:26,366 - StatBerry - ERROR - Cannot found data
2025-01-24 13:45:26,367 - StatBerry - ERROR - Token not found
2025-01-24 13:45:26,367 - StatBerry - ERROR - Token not found
2025-01-24 13:45:26,367 - StatBerry - ERROR - Token not found
2025-01-24 13:45:26,367 - StatBerry - ERROR - Token not found
2025-01-24 13:45:26,367 - StatBerry - ERROR - Token not found
2025-01-24 13:45:26,367 - StatBerry - ERROR - Token not found
2025-01-24 13:45:26,367 - StatBerry - ERROR - Token not found
2025-01-24 13:45:26,367 - StatBerry - ERROR - Token not found
2025-01-24 13:45:26,367 - StatBerry - ERROR - Token not found
2025-01-24 13:45:26,770 - StatBerry - ERROR - Cannot found data
2025-01-24 13:45:26,770 - StatBerry - ERROR - Cannot found data
2025-01-24 13:45:26,770 - StatBerry - ERROR - Cannot found data
2025-01-24 13:45:26,770 - StatBerry - ERROR - Cannot found data
2025-01-24 13:45:26,770 - StatBerry - ERROR - Cannot found data
2025-01-24 13:45:26,770 - StatBerry - ERROR - Cannot found data
2025-01-24 13:45:26,770 - StatBerry - ERROR - Cannot found data
2025-01-24 13:45:26,770 - StatBerry - ERROR - Cannot found data
2025-01-24 13:45:26,770 - StatBerry - ERROR - Cannot found data
2025-01-24 13:45:26,770 - StatBerry - ERROR - Cannot found data
2025-01-24 13:45:26,778 - StatBerry - ERROR - Token not found
2025-01-24 13:45:26,778 - StatBerry - ERROR - Token not found
2025-01-24 13:45:26,778 - StatBerry - ERROR - Token not found
2025-01-24 13:45:26,778 - StatBerry - ERROR - Token not found
2025-01-24 13:45:26,778 - StatBerry - ERROR - Token not found
2025-01-24 13:45:26,778 - StatBerry - ERROR - Token not found
2025-01-24 13:45:26,778 - StatBerry - ERROR - Token not found
2025-01-24 13:45:26,778 - StatBerry - ERROR - Token not found
2025-01-24 13:45:26,778 - StatBerry - ERROR - Token not found
2025-01-24 13:45:26,778 - StatBerry - ERROR - Token not found
2025-01-24 13:45:26,778 - StatBerry - ERROR - Token not found
2025-01-24 13:45:31,740 - StatBerry - ERROR - Token is not active
2025-01-24 13:45:31,740 - StatBerry - ERROR - Token is not active
2025-01-24 13:45:31,740 - StatBerry - ERROR - Token is not active
2025-01-24 13:45:31,740 - StatBerry - ERROR - Token is not active
2025-01-24 13:45:31,740 - StatBerry - ERROR - Token is not active
2025-01-24 13:45:31,740 - StatBerry - ERROR - Token is not active
2025-01-24 13:45:31,740 - StatBerry - ERROR - Token is not active
2025-01-24 13:45:31,740 - StatBerry - ERROR - Token is not active
2025-01-24 13:45:31,740 - StatBerry - ERROR - Token is not active
2025-01-24 13:45:31,740 - StatBerry - ERROR - Token is not active
2025-01-24 13:45:31,740 - StatBerry - ERROR - Token is not active
2025-01-24 13:45:31,740 - StatBerry - ERROR - Token is not active
2025-01-24 13:45:32,555 - StatBerry - ERROR - Cannot found data
2025-01-24 13:45:32,555 - StatBerry - ERROR - Cannot found data
2025-01-24 13:45:32,555 - StatBerry - ERROR - Cannot found data
2025-01-24 13:45:32,555 - StatBerry - ERROR - Cannot found data
2025-01-24 13:45:32,555 - StatBerry - ERROR - Cannot found data
2025-01-24 13:45:32,555 - StatBerry - ERROR - Cannot found data
2025-01-24 13:45:32,555 - StatBerry - ERROR - Cannot found data
2025-01-24 13:45:32,555 - StatBerry - ERROR - Cannot found data
2025-01-24 13:45:32,555 - StatBerry - ERROR - Cannot found data
2025-01-24 13:45:32,555 - StatBerry - ERROR - Cannot found data
2025-01-24 13:45:32,555 - StatBerry - ERROR - Cannot found data
2025-01-24 13:45:32,555 - StatBerry - ERROR - Cannot found data
2025-01-24 13:45:32,555 - StatBerry - ERROR - Cannot found data
2025-01-24 13:45:32,557 - StatBerry - ERROR - Token not found
2025-01-24 13:45:32,557 - StatBerry - ERROR - Token not found
2025-01-24 13:45:32,557 - StatBerry - ERROR - Token not found
2025-01-24 13:45:32,557 - StatBerry - ERROR - Token not found
2025-01-24 13:45:32,557 - StatBerry - ERROR - Token not found
2025-01-24 13:45:32,557 - StatBerry - ERROR - Token not found
2025-01-24 13:45:32,557 - StatBerry - ERROR - Token not found
2025-01-24 13:45:32,557 - StatBerry - ERROR - Token not found
2025-01-24 13:45:32,557 - StatBerry - ERROR - Token not found
2025-01-24 13:45:32,557 - StatBerry - ERROR - Token not found
2025-01-24 13:45:32,557 - StatBerry - ERROR - Token not found
2025-01-24 13:45:32,557 - StatBerry - ERROR - Token not found
2025-01-24 13:45:32,557 - StatBerry - ERROR - Token not found
2025-01-24 13:45:32,557 - StatBerry - ERROR - Token not found
2025-01-24 13:45:33,077 - StatBerry - ERROR - Cannot found data
2025-01-24 13:45:33,077 - StatBerry - ERROR - Cannot found data
2025-01-24 13:45:33,077 - StatBerry - ERROR - Cannot found data
2025-01-24 13:45:33,077 - StatBerry - ERROR - Cannot found data
2025-01-24 13:45:33,077 - StatBerry - ERROR - Cannot found data
2025-01-24 13:45:33,077 - StatBerry - ERROR - Cannot found data
2025-01-24 13:45:33,077 - StatBerry - ERROR - Cannot found data
2025-01-24 13:45:33,077 - StatBerry - ERROR - Cannot found data
2025-01-24 13:45:33,077 - StatBerry - ERROR - Cannot found data
2025-01-24 13:45:33,077 - StatBerry - ERROR - Cannot found data
2025-01-24 13:45:33,077 - StatBerry - ERROR - Cannot found data
2025-01-24 13:45:33,077 - StatBerry - ERROR - Cannot found data
2025-01-24 13:45:33,077 - StatBerry - ERROR - Cannot found data
2025-01-24 13:45:33,077 - StatBerry - ERROR - Cannot found data
2025-01-24 13:45:33,077 - StatBerry - ERROR - Cannot found data
2025-01-24 13:45:33,079 - StatBerry - ERROR - Token not found
2025-01-24 13:45:33,079 - StatBerry - ERROR - Token not found
2025-01-24 13:45:33,079 - StatBerry - ERROR - Token not found
2025-01-24 13:45:33,079 - StatBerry - ERROR - Token not found
2025-01-24 13:45:33,079 - StatBerry - ERROR - Token not found
2025-01-24 13:45:33,079 - StatBerry - ERROR - Token not found
2025-01-24 13:45:33,079 - StatBerry - ERROR - Token not found
2025-01-24 13:45:33,079 - StatBerry - ERROR - Token not found
2025-01-24 13:45:33,079 - StatBerry - ERROR - Token not found
2025-01-24 13:45:33,079 - StatBerry - ERROR - Token not found
2025-01-24 13:45:33,079 - StatBerry - ERROR - Token not found
2025-01-24 13:45:33,079 - StatBerry - ERROR - Token not found
2025-01-24 13:45:33,079 - StatBerry - ERROR - Token not found
2025-01-24 13:45:33,079 - StatBerry - ERROR - Token not found
2025-01-24 13:45:33,079 - StatBerry - ERROR - Token not found
2025-01-24 13:45:33,079 - StatBerry - ERROR - Token not found
2025-01-24 13:45:33,516 - StatBerry - ERROR - Cannot found data
2025-01-24 13:45:33,516 - StatBerry - ERROR - Cannot found data
2025-01-24 13:45:33,516 - StatBerry - ERROR - Cannot found data
2025-01-24 13:45:33,516 - StatBerry - ERROR - Cannot found data
2025-01-24 13:45:33,516 - StatBerry - ERROR - Cannot found data
2025-01-24 13:45:33,516 - StatBerry - ERROR - Cannot found data
2025-01-24 13:45:33,516 - StatBerry - ERROR - Cannot found data
2025-01-24 13:45:33,516 - StatBerry - ERROR - Cannot found data
2025-01-24 13:45:33,516 - StatBerry - ERROR - Cannot found data
2025-01-24 13:45:33,516 - StatBerry - ERROR - Cannot found data
2025-01-24 13:45:33,516 - StatBerry - ERROR - Cannot found data
2025-01-24 13:45:33,516 - StatBerry - ERROR - Cannot found data
2025-01-24 13:45:33,516 - StatBerry - ERROR - Cannot found data
2025-01-24 13:45:33,516 - StatBerry - ERROR - Cannot found data
2025-01-24 13:45:33,516 - StatBerry - ERROR - Cannot found data
2025-01-24 13:45:33,516 - StatBerry - ERROR - Cannot found data
2025-01-24 13:45:33,516 - StatBerry - ERROR - Cannot found data
2025-01-24 13:45:33,518 - StatBerry - ERROR - Token not found
2025-01-24 13:45:33,518 - StatBerry - ERROR - Token not found
2025-01-24 13:45:33,518 - StatBerry - ERROR - Token not found
2025-01-24 13:45:33,518 - StatBerry - ERROR - Token not found
2025-01-24 13:45:33,518 - StatBerry - ERROR - Token not found
2025-01-24 13:45:33,518 - StatBerry - ERROR - Token not found
2025-01-24 13:45:33,518 - StatBerry - ERROR - Token not found
2025-01-24 13:45:33,518 - StatBerry - ERROR - Token not found
2025-01-24 13:45:33,518 - StatBerry - ERROR - Token not found
2025-01-24 13:45:33,518 - StatBerry - ERROR - Token not found
2025-01-24 13:45:33,518 - StatBerry - ERROR - Token not found
2025-01-24 13:45:33,518 - StatBerry - ERROR - Token not found
2025-01-24 13:45:33,518 - StatBerry - ERROR - Token not found
2025-01-24 13:45:33,518 - StatBerry - ERROR - Token not found
2025-01-24 13:45:33,518 - StatBerry - ERROR - Token not found
2025-01-24 13:45:33,518 - StatBerry - ERROR - Token not found
2025-01-24 13:45:33,518 - StatBerry - ERROR - Token not found
2025-01-24 13:45:33,518 - StatBerry - ERROR - Token not found
